<?xml version="1.0" encoding="UTF-8"?>
<testsuite xmlns:xsi="http://www.w3.org/2001/XMLSchema-instance" xsi:noNamespaceSchemaLocation="https://maven.apache.org/surefire/maven-surefire-plugin/xsd/surefire-test-report.xsd" version="3.0.2" name="cl.sportmedics.ms_inventory.service.InventoryServiceTest" time="0.129" tests="6" errors="0" skipped="0" failures="0" flakes="0">
  <properties>
[...]
</properties>
  <testcase name="testGetById" classname="cl.sportmedics.ms_inventory.service.InventoryServiceTest" time="0.114">
    <system-out><![CDATA[2026-06-29T14:15:50.273-04:00  INFO 8856 --- [ms-inventory] [           main] c.s.m.service.InventoryServiceImpl       : Buscando art�culo con ID: 1
]]></system-out>
  </testcase>
  <testcase name="testGetByCategory" classname="cl.sportmedics.ms_inventory.service.InventoryServiceTest" time="0.002">
    <system-out><![CDATA[2026-06-29T14:15:50.282-04:00  INFO 8856 --- [ms-inventory] [           main] c.s.m.service.InventoryServiceImpl       : Filtrando inventario por categor�a: MACHINES
]]></system-out>
  </testcase>
  <testcase name="testCreate" classname="cl.sportmedics.ms_inventory.service.InventoryServiceTest" time="0.002">
    <system-out><![CDATA[2026-06-29T14:15:50.285-04:00  INFO 8856 --- [ms-inventory] [           main] c.s.m.service.InventoryServiceImpl       : Registrando nuevo art�culo de inventario: Pesas 10kg
2026-06-29T14:15:50.285-04:00  INFO 8856 --- [ms-inventory] [           main] c.s.m.service.InventoryServiceImpl       : Art�culo registrado exitosamente con ID: 1
]]></system-out>
  </testcase>
  <testcase name="testDelete" classname="cl.sportmedics.ms_inventory.service.InventoryServiceTest" time="0.002">
    <system-out><![CDATA[2026-06-29T14:15:50.287-04:00  INFO 8856 --- [ms-inventory] [           main] c.s.m.service.InventoryServiceImpl       : Eliminando art�culo ID: 1
2026-06-29T14:15:50.287-04:00  INFO 8856 --- [ms-inventory] [           main] c.s.m.service.InventoryServiceImpl       : Art�culo ID: 1 eliminado del sistema.
]]></system-out>
  </testcase>
  <testcase name="testGetAll" classname="cl.sportmedics.ms_inventory.service.InventoryServiceTest" time="0.002">
    <system-out><![CDATA[2026-06-29T14:15:50.289-04:00  INFO 8856 --- [ms-inventory] [           main] c.s.m.service.InventoryServiceImpl       : Consultando cat�logo completo de inventario.
]]></system-out>
  </testcase>
  <testcase name="testUpdate" classname="cl.sportmedics.ms_inventory.service.InventoryServiceTest" time="0.003">
    <system-out><![CDATA[2026-06-29T14:15:50.292-04:00  INFO 8856 --- [ms-inventory] [           main] c.s.m.service.InventoryServiceImpl       : Actualizando datos del art�culo ID: 1
2026-06-29T14:15:50.292-04:00  INFO 8856 --- [ms-inventory] [           main] c.s.m.service.InventoryServiceImpl       : Art�culo ID: 1 actualizado correctamente.
]]></system-out>
  </testcase>
</testsuite>